{"numFailedTestSuites":1,"numFailedTests":2,"numPassedTestSuites":0,"numPassedTests":6,"numPendingTestSuites":0,"numPendingTests":0,"numRuntimeErrorTestSuites":0,"numTodoTests":0,"numTotalTestSuites":1,"numTotalTests":8,"openHandles":[],"snapshot":{"added":0,"didUpdate":false,"failure":false,"filesAdded":0,"filesRemoved":0,"filesRemovedList":[],"filesUnmatched":0,"filesUpdated":0,"matched":0,"total":0,"unchecked":0,"uncheckedKeysByFile":[],"unmatched":0,"updated":0},"startTime":1774265067874,"success":false,"testResults":[{"assertionResults":[{"ancestorTitles":["App shell + routing"],"failureMessages":["Error: expect(jest.fn()).toHaveBeenCalledTimes(expected)\n\nExpected number of calls: 1\nReceived number of calls: 0\n    at Object.<anonymous> (/home/kavia/workspace/code-generation/iec-61850-semantic-interoperability-validator-8710-8719/frontend_web_app/src/App.test.js:76:24)"],"fullName":"App shell + routing renders top brand and module navigation (context-aware)","location":null,"status":"failed","title":"renders top brand and module navigation (context-aware)"},{"ancestorTitles":["App shell + routing"],"failureMessages":[],"fullName":"App shell + routing default route (/) redirects to File Upload","location":null,"status":"passed","title":"default route (/) redirects to File Upload"},{"ancestorTitles":["App shell + routing"],"failureMessages":[],"fullName":"App shell + routing sidebar navigation changes route to Settings","location":null,"status":"passed","title":"sidebar navigation changes route to Settings"},{"ancestorTitles":["App shell + routing"],"failureMessages":[],"fullName":"App shell + routing unknown route renders NotFound page","location":null,"status":"passed","title":"unknown route renders NotFound page"},{"ancestorTitles":["File Upload flow (mocked API)"],"failureMessages":[],"fullName":"File Upload flow (mocked API) selecting a file enables Upload/Validate and calls upload + validation start (polling-capable)","location":null,"status":"passed","title":"selecting a file enables Upload/Validate and calls upload + validation start (polling-capable)"},{"ancestorTitles":["Validation Report rendering states"],"failureMessages":["Error: Unable to find a label with the text of: File Upload\n\nIgnored nodes: comments, script, style\n\u001b[36m<body>\u001b[39m\n  \u001b[36m<div>\u001b[39m\n    \u001b[36m<div\u001b[39m\n      \u001b[33mclass\u001b[39m=\u001b[32m\"App\"\u001b[39m\n    \u001b[36m>\u001b[39m\n      \u001b[36m<div\u001b[39m\n        \u001b[33mclass\u001b[39m=\u001b[32m\"shell\"\u001b[39m\n      \u001b[36m>\u001b[39m\n        \u001b[36m<div\u001b[39m\n          \u001b[33mclass\u001b[39m=\u001b[32m\"topNav\"\u001b[39m\n          \u001b[33mrole\u001b[39m=\u001b[32m\"banner\"\u001b[39m\n        \u001b[36m>\u001b[39m\n          \u001b[36m<div\u001b[39m\n            \u001b[33maria-label\u001b[39m=\u001b[32m\"Application brand\"\u001b[39m\n            \u001b[33mclass\u001b[39m=\u001b[32m\"brand\"\u001b[39m\n          \u001b[36m>\u001b[39m\n            \u001b[36m<div\u001b[39m\n              \u001b[33maria-hidden\u001b[39m=\u001b[32m\"true\"\u001b[39m\n              \u001b[33mclass\u001b[39m=\u001b[32m\"brandMark\"\u001b[39m\n            \u001b[36m>\u001b[39m\n              \u001b[0mSIV\u001b[0m\n            \u001b[36m</div>\u001b[39m\n            \u001b[36m<div\u001b[39m\n              \u001b[33mclass\u001b[39m=\u001b[32m\"brandTitle brandTitleInline\"\u001b[39m\n            \u001b[36m>\u001b[39m\n              \u001b[36m<strong>\u001b[39m\n                \u001b[0mIEC 61850 SIV-Tool\u001b[0m\n              \u001b[36m</strong>\u001b[39m\n              \u001b[36m<nav\u001b[39m\n                \u001b[33maria-label\u001b[39m=\u001b[32m\"Top navigation\"\u001b[39m\n                \u001b[33mclass\u001b[39m=\u001b[32m\"topTabs\"\u001b[39m\n              \u001b[36m>\u001b[39m\n                \u001b[36m<a\u001b[39m\n                  \u001b[33mclass\u001b[39m=\u001b[32m\"topTab\"\u001b[39m\n                  \u001b[33mhref\u001b[39m=\u001b[32m\"/backend/upload\"\u001b[39m\n                \u001b[36m>\u001b[39m\n                  \u001b[0mBackend Configuration\u001b[0m\n                \u001b[36m</a>\u001b[39m\n                \u001b[36m<a\u001b[39m\n                  \u001b[33maria-current\u001b[39m=\u001b[32m\"page\"\u001b[39m\n                  \u001b[33mclass\u001b[39m=\u001b[32m\"topTab topTabActive\"\u001b[39m\n                  \u001b[33mhref\u001b[39m=\u001b[32m\"/health/anomaly\"\u001b[39m\n                \u001b[36m>\u001b[39m\n                  \u001b[0mHealth\u001b[0m\n                \u001b[36m</a>\u001b[39m\n                \u001b[36m<a\u001b[39m\n                  \u001b[33mclass\u001b[39m=\u001b[32m\"topTab\"\u001b[39m\n                  \u001b[33mhref\u001b[39m=\u001b[32m\"/ws/status\"\u001b[39m\n                \u001b[36m>\u001b[39m\n                  \u001b[0mWS\u001b[0m\n                \u001b[36m</a>\u001b[39m\n              \u001b[36m</nav>\u001b[39m\n            \u001b[36m</div>\u001b[39m\n          \u001b[36m</div>\u001b[39m\n          \u001b[36m<div\u001b[39m\n            \u001b[33mclass\u001b[39m=\u001b[32m\"topActions\"\u001b[39m\n          \u001b[36m>\u001b[39m\n            \u001b[36m<a\u001b[39m\n              \u001b[33mclass\u001b[39m=\u001b[32m\"btn btnGhost\"\u001b[39m\n              \u001b[33mhref\u001b[39m=\u001b[32m\"https://iec.ch/\"\u001b[39m\n              \u001b[33mrel\u001b[39m=\u001b[32m\"noreferrer\"\u001b[39m\n              \u001b[33mtarget\u001b[39m=\u001b[32m\"_blank\"\u001b[39m\n            \u001b[36m>\u001b[39m\n              \u001b[0mIEC\u001b[0m\n            \u001b[36m</a>\u001b[39m\n          \u001b[36m</div>\u001b[39m\n        \u001b[36m</div>\u001b[39m\n        \u001b[36m<div\u001b[39m\n          \u001b[33mclass\u001b[39m=\u001b[32m\"shellBody\"\u001b[39m\n        \u001b[36m>\u001b[39m\n          \u001b[36m<aside\u001b[39m\n            \u001b[33maria-label\u001b[39m=\u001b[32m\"Module navigation\"\u001b[39m\n            \u001b[33mclass\u001b[39m=\u001b[32m\"sidebar\"\u001b[39m\n          \u001b[36m>\u001b[39m\n            \u001b[36m<div\u001b[39m\n              \u001b[33mclass\u001b[39m=\u001b[32m\"navSectionTitle\"\u001b[39m\n            \u001b[36m>\u001b[39m\n              \u001b[0mHealth\u001b[0m\n            \u001b[36m</div>\u001b[39m\n            \u001b[36m<ul\u001b[39m\n              \u001b[33mclass\u001b[39m=\u001b[32m\"navList sidebarFade sidebarFadeIn\"\u001b[39m\n            \u001b[36m>\u001b[39m\n              \u001b[36m<li>\u001b[39m\n                \u001b[36m<a\u001b[39m\n                  \u001b[33maria-current\u001b[39m=\u001b[32m\"page\"\u001b[39m\n                  \u001b[33mclass\u001b[39m=\u001b[32m\"navItemLink navItemLinkActive\"\u001b[39m\n                  \u001b[33mhref\u001b[39m=\u001b[32m\"/health/anomaly\"\u001b[39m\n                \u001b[36m>\u001b[39m\n                  \u001b[36m<span\u001b[39m\n                    \u001b[33maria-hidden\u001b[39m=\u001b[32m\"true\"\u001b[39m\n                    \u001b[33mclass\u001b[39m=\u001b[32m\"navIcon\"\u001b[39m\n                  \u001b[36m>\u001b[39m\n                    \u001b[0mA\u001b[0m\n                  \u001b[36m</span>\u001b[39m\n                  \u001b[36m<span\u001b[39m\n                    \u001b[33mclass\u001b[39m=\u001b[32m\"navText\"\u001b[39m\n                  \u001b[36m>\u001b[39m\n                    \u001b[36m<strong>\u001b[39m\n                      \u001b[0mAnomaly Detection\u001b[0m\n                    \u001b[36m</strong>\u001b[39m\n                    \u001b[36m<span>\u001b[39m\n                      \u001b[0mExcel outliers\u001b[0m\n                    \u001b[36m</span>\u001b[39m\n                  \u001b[36m</span>\u001b[39m\n                \u001b[36m</a>\u001b[39m\n              \u001b[36m</li>\u001b[39m\n              \u001b[36m<li>\u001b[39m\n                \u001b[36m<a\u001b[39m\n                  \u001b[33mclass\u001b[39m=\u001b[32m\"navItemLink\"\u001b[39m\n                  \u001b[33mhref\u001b[39m=\u001b[32m\"/health/recommendations\"\u001b[39m\n                \u001b[36m>\u001b[39m\n                  \u001b[36m<span\u001b[39m\n                    \u001b[33maria-hidden\u001b[39m=\u001b[32m\"true\"\u001b[39m\n                    \u001b[33mclass\u001b[39m=\u001b[32m\"navIcon\"\u001b[39m\n                  \u001b[36m>\u001b[39m\n                    \u001b[0m★\u001b[0m\n                  \u001b[36m</span>\u001b[39m\n                  \u001b[36m<span\u001b[39m\n                    \u001b[33mclass\u001b[39m=\u001b[32m\"navText\"\u001b[39m\n                  \u001b[36m>\u001b[39m\n                    \u001b[36m<strong>\u001b[39m\n                      \u001b[0mRecommendations\u001b[0m\n                    \u001b[36m</strong>\u001b[39m\n                    \u001b[36m<span>\u001b[39m\n                      \u001b[0mActionable fixes\u001b[0m\n                    \u001b[36m</span>\u001b[39m\n                  \u001b[36m</span>\u001b[39m\n                \u001b[36m</a>\u001b[39m\n              \u001b[36m</li>\u001b[39m\n              \u001b[36m<li>\u001b[39m\n                \u001b[36m<a\u001b[39m\n                  \u001b[33mclass\u001b[39m=\u001b[32m\"navItemLink\"\u001b[39m\n                  \u001b[33mhref\u001b[39m=\u001b[32m\"/health/report\"\u001b[39m\n                \u001b[36m>\u001b[39m\n                  \u001b[36m<span\u001b[39m\n                    \u001b[33maria-hidden\u001b[39m=\u001b[32m\"true\"\u001b[39m\n                    \u001b[33mclass\u001b[39m=\u001b[32m\"navIcon\"\u001b[39m\n                  \u001b[36m>\u001b[39m\n                    \u001b[0mR\u001b[0m\n                  \u001b[36m</span>\u001b[39m\n                  \u001b[36m<span\u001b[39m\n                    \u001b[33mclass\u001b[39m=\u001b[32m\"navText\"\u001b[39m\n                  \u001b[36m>\u001b[39m\n                    \u001b[36m<strong>\u001b[39m\n                      \u001b[0mValidation Report\u001b[0m\n                    \u001b[36m</strong>\u001b[39m\n                    \u001b[36m<span>\u001b[39m\n                      \u001b[0mIssues & recommendations\u001b[0m\n                    \u001b[36m</span>\u001b[39m\n                  \u001b[36m</span>\u001b[39m\n                \u001b[36m</a>\u001b[39m\n              \u001b[36m</li>\u001b[39m\n              \u001b[36m<li>\u001b[39m\n                \u001b[36m<a\u001b[39m\n                  \u001b[33mclass\u001b[39m=\u001b[32m\"navItemLink\"\u001b[39m\n                  \u001b[33mhref\u001b[39m=\u001b[32m\"/health/interop-map\"\u001b[39m\n                \u001b[36m>\u001b[39m\n                  \u001b[36m<span\u001b[39m\n                    \u001b[33maria-hidden\u001b[39m=\u001b[32m\"true\"\u001b[39m\n                    \u001b[33mclass\u001b[39m=\u001b[32m\"navIcon\"\u001b[39m\n                  \u001b[36m>\u001b[39m\n                    \u001b[0mM\u001b[0m\n                  \u001b[36m</span>\u001b[39m\n                  \u001b[36m<span\u001b[39m\n                    \u001b[33mclass\u001b[39m=\u001b[32m\"navText\"\u001b[39m\n                  \u001b[36m>\u001b[39m\n                    \u001b[36m<strong>\u001b[39m\n                      \u001b[0mInteroperability Map\u001b[0m\n                    \u001b[36m</strong>\u001b[39m\n                    \u001b[36m<span>\u001b[39m\n                      \u001b[0mCross-vendor mapping\u001b[0m\n                    \u001b[36m</span>\u001b[39m\n                  \u001b[36m</span>\u001b[39m\n                \u001b[36m</a>\u001b[39m\n              \u001b[36m</li>\u001b[39m\n              \u001b[36m<li>\u001b[39m\n                \u001b[36m<a\u001b[39m\n                  \u001b[33mclass\u001b[39m=\u001b[32m\"navItemLink\"\u001b[39m\n                  \u001b[33mhref\u001b[39m=\u001b[32m\"/health/scada\"\u001b[39m\n                \u001b[36m>\u001b[39m\n                  \u001b[36m<span\u001b[39m\n                    \u001b[33maria-hidden\u001b[39m=\u001b[32m\"true\"\u001b[39m\n                    \u001b[33mclass\u001b[39m=\u001b[32m\"navIcon\"\u001b[39m\n                  \u001b[36m>\u001b[39m\n                    \u001b[0mS\u001b[0m\n                  \u001b[36m</span>\u001b[39m\n                  \u001b[36m<span\u001b[39m\n                    \u001b[33mclass\u001b[39m=\u001b[32m\"navText\"\u001b[39m\n                  \u001b[36m>\u001b[39m\n                    \u001b[36m<strong>\u001b[39m\n                      \u001b[0mSCADA Table\u001b[0m\n                    \u001b[36m</strong>\u001b[39m\n                    \u001b[36m<span>\u001b[39m\n                      \u001b[0mPoints & names\u001b[0m\n                    \u001b[36m</span>\u001b[39m\n                  \u001b[36m</span>\u001b[39m\n                \u001b[36m</a>\u001b[39m\n              \u001b[36m</li>\u001b[39m\n              \u001b[36m<li>\u001b[39m\n                \u001b[36m<a\u001b[39m\n                  \u001b[33mclass\u001b[39m=\u001b[32m\"navItemLink\"\u001b[39m\n                  \u001b[33mhref\u001b[39m=\u001b[32m\"/health/results\"\u001b[39m\n                \u001b[36m>\u001b[39m\n                  \u001b[36m<span\u001b[39m\n                    \u001b[33maria-hidden\u001b[39m=\u001b[32m\"true\"\u001b[39m\n                    \u001b[33mclass\u001b[39m=\u001b[32m\"navIcon\"\u001b[39m\n                  \u001b[36m>\u001b[39m\n                    \u001b[0m✓\u001b[0m\n                  \u001b[36m</span>\u001b[39m\n                  \u001b[36m<span\u001b[39m\n                    \u001b[33mclass\u001b[39m=\u001b[32m\"navText\"\u001b[39m\n                  \u001b[36m>\u001b[39m\n                    \u001b[36m<strong>\u001b[39m\n                      \u001b[0mResults\u001b[0m\n                    \u001b[36m</strong>\u001b[39m\n                    \u001b[36m<span>\u001b[39m\n                      \u001b[0mHealth run history\u001b[0m\n                    \u001b[36m</span>\u001b[39m\n                  \u001b[36m</span>\u001b[39m\n                \u001b[36m</a>\u001b[39m\n              \u001b[36m</li>\u001b[39m\n            \u001b[36m</ul>\u001b[39m\n          \u001b[36m</aside>\u001b[39m\n          \u001b[36m<main\u001b[39m\n            \u001b[33mclass\u001b[39m=\u001b[32m\"main\"\u001b[39m\n            \u001b[33mrole\u001b[39m=\u001b[32m\"main\"\u001b[39m\n          \u001b[36m>\u001b[39m\n            \u001b[36m<section\u001b[39m\n              \u001b[33maria-label\u001b[39m=\u001b[32m\"Anomaly Detection\"\u001b[39m\n              \u001b[33mclass\u001b[39m=\u001b[32m\"card\"\u001b[39m\n            \u001b[36m>\u001b[39m\n              \u001b[36m<header\u001b[39m\n                \u001b[33mclass\u001b[39m=\u001b[32m\"cardHeader\"\u001b[39m\n              \u001b[36m>\u001b[39m\n                \u001b[36m<div>\u001b[39m\n                  \u001b[36m<h1\u001b[39m\n                    \u001b[33mclass\u001b[39m=\u001b[32m\"h1\"\u001b[39m\n                  \u001b[36m>\u001b[39m\n                    \u001b[0mAnomaly Detection\u001b[0m\n                  \u001b[36m</h1>\u001b[39m\n                  \u001b[36m<div\u001b[39m\n                    \u001b[33mclass\u001b[39m=\u001b[32m\"subtle\"\u001b[39m\n                    \u001b[33mstyle\u001b[39m=\u001b[32m\"margin-top: 4px;\"\u001b[39m\n                  \u001b[36m>\u001b[39m\n                    \u001b[0mUpload an Excel dataset and detect outliers client-side using numeric feature anomaly scoring.\u001b[0m\n                  \u001b[36m</div>\u001b[39m\n                \u001b[36m</div>\u001b[39m\n                \u001b[36m<div\u001b[39m\n                  \u001b[33mclass\u001b[39m=\u001b[32m\"row\"\u001b[39m\n                \u001b[36m>\u001b[39m\n                  \u001b[36m<button\u001b[39m\n                    \u001b[33mclass\u001b[39m=\u001b[32m\"btn\"\u001b[39m\n                  \u001b[36m>\u001b[39m\n                    \u001b[0mLoad default dataset\u001b[0m\n                  \u001b[36m</button>\u001b[39m\n                  \u001b[36m<button\u001b[39m\n                    \u001b[33mclass\u001b[39m=\u001b[32m\"btn btnPrimary\"\u001b[39m\n                    \u001b[33mdisabled\u001b[39m=\u001b[32m\"\"\u001b[39m\n                  \u001b[36m>\u001b[39m\n                    \u001b[0mRun detection\u001b[0m\n                  \u001b[36m</button>\u001b[39m\n                \u001b[36m</div>\u001b[39m\n              \u001b[36m</header>\u001b[39m\n              \u001b[36m<div\u001b[39m\n                \u001b[33mclass\u001b[39m=\u001b[32m\"cardBody\"\u001b[39m\n              \u001b[36m>\u001b[39m\n                \u001b[36m<div\u001b[39m\n                  \u001b[33mclass\u001b[39m=\u001b[32m\"subtle\"\u001b[39m\n                \u001b[36m>\u001b[39m\n                  \u001b[0mThis module is independent of IEC 61850 SCL validation and does not modify existing validation workflows.\u001b[0m\n                \u001b[36m</div>\u001b[39m\n                \u001b[36m<div\u001b[39m\n                  \u001b[33mstyle\u001b[39m=\u001b[32m\"height: 12px;\"\u001b[39m\n                \u001b[36m/>\u001b[39m\n                \u001b[36m<div\u001b[39m\n                  \u001b[33mclass\u001b[39m=\u001b[32m\"row\"\u001b[39m\n                \u001b[36m>\u001b[39m\n                  \u001b[36m<input\u001b[39m\n                    \u001b[33maccept\u001b[39m=\u001b[32m\".xlsx,.xls\"\u001b[39m\n                    \u001b[33maria-label\u001b[39m=\u001b[32m\"Upload Excel file for anomaly detection\"\u001b[39m\n                    \u001b[33mtype\u001b[39m=\u001b[32m\"file\"\u001b[39m\n                  \u001b[36m/>\u001b[39m\n                  \u001b[36m<span\u001b[39m\n                    \u001b[33mclass\u001b[39m=\u001b[32m\"pill\"\u001b[39m\n                  \u001b[36m>\u001b[39m\n                    \u001b[0mNo dataset loaded\u001b[0m\n                  \u001b[36m</span>\u001b[39m\n                  \u001b[36m<span\u001b[39m\n                    \u001b[33mclass\u001b[39m=\u001b[32m\"pill\"\u001b[39m\n                    \u001b[33mstyle\u001b[39m=\u001b[32m\"border-color: rgba(239, 68, 68, 0.35); color: rgb(153, 27, 27);\"\u001b[39m\n                  \u001b[36m>\u001b[39m\n                    \u001b[0mError: \u001b[0m\n                    \u001b[0mTypeError: Network request failed\u001b[0m\n                  \u001b[36m</span>\u001b[39m\n                \u001b[36m</div>\u001b[39m\n                \u001b[36m<div\u001b[39m\n                  \u001b[33mstyle\u001b[39m=\u001b[32m\"height: 14px;\"\u001b[39m\n                \u001b[36m/>\u001b[39m\n                \u001b[36m<hr />\u001b[39m\n                \u001b[36m<div\u001b[39m\n                  \u001b[33mstyle\u001b[39m=\u001b[32m\"height: 14px;\"\u001b[39m\n                \u001b[36m/>\u001b[39m\n                \u001b[36m<div\u001b[39m\n                  \u001b[33mclass\u001b[39m=\u001b[32m\"kv\"\u001b[39m\n                \u001b[36m>\u001b[39m\n                  \u001b[36m<div\u001b[39m\n                    \u001b[33mclass\u001b[39m=\u001b[32m\"kvKey\"\u001b[39m\n                  \u001b[36m>\u001b[39m\n                    \u001b[0mNumeric columns (auto-inferred)\u001b[0m\n                  \u001b[36m</div>\u001b[39m\n                  \u001b[36m<div\u001b[39m\n                    \u001b[33mclass\u001b[39m=\u001b[32m\"kvVal\"\u001b[39m\n                  \u001b[36m>\u001b[39m\n                    \u001b[36m<span\u001b[39m\n                      \u001b[33mclass\u001b[39m=\u001b[32m\"subtle\"\u001b[39m\n                    \u001b[36m>\u001b[39m\n                      \u001b[0mNo numeric columns detected yet (load a dataset first).\u001b[0m\n                    \u001b[36m</span>\u001b[39m\n                  \u001b[36m</div>\u001b[39m\n                  \u001b[36m<div\u001b[39m\n                    \u001b[33mclass\u001b[39m=\u001b[32m\"kvKey\"\u001b[39m\n                  \u001b[36m>\u001b[39m\n                    \u001b[0mFeature selection\u001b[0m\n                  \u001b[36m</div>\u001b[39m\n                  \u001b[36m<div\u001b[39m\n                    \u001b[33mclass\u001b[39m=\u001b[32m\"kvVal\"\u001b[39m\n                  \u001b[36m>\u001b[39m\n                    \u001b[36m<div\u001b[39m\n                      \u001b[33mclass\u001b[39m=\u001b[32m\"row\"\u001b[39m\n                    \u001b[36m>\u001b[39m\n                      \u001b[36m<button\u001b[39m\n                        \u001b[33mclass\u001b[39m=\u001b[32m\"btn\"\u001b[39m\n                        \u001b[33mdisabled\u001b[39m=\u001b[32m\"\"\u001b[39m\n                      \u001b[36m>\u001b[39m\n                        \u001b[0mUse defaults\u001b[0m\n                      \u001b[36m</button>\u001b[39m\n                      \u001b[36m<button\u001b[39m\n                        \u001b[33mclass\u001b[39m=\u001b[32m\"btn\"\u001b[39m\n                        \u001b[33mdisabled\u001b[39m=\u001b[32m\"\"\u001b[39m\n                      \u001b[36m>\u001b[39m\n                        \u001b[0mSelect all\u001b[0m\n                      \u001b[36m</button>\u001b[39m\n                      \u001b[36m<button\u001b[39m\n                        \u001b[33mclass\u001b[39m=\u001b[32m\"btn\"\u001b[39m\n                      \u001b[36m>\u001b[39m\n                        \u001b[0mClear\u001b[0m\n                      \u001b[36m</button>\u001b[39m\n                      \u001b[36m<span\u001b[39m\n                        \u001b[33mclass\u001b[39m=\u001b[32m\"pill\"\u001b[39m\n                      \u001b[36m>\u001b[39m\n                        \u001b[0mSelected: \u001b[0m\n                        \u001b[0m0\u001b[0m\n                      \u001b[36m</span>\u001b[39m\n                    \u001b[36m</div>\u001b[39m\n                    \u001b[36m<div\u001b[39m\n                      \u001b[33mstyle\u001b[39m=\u001b[32m\"height: 10px;\"\u001b[39m\n                    \u001b[36m/>\u001b[39m\n                    \u001b[36m<div\u001b[39m\n                      \u001b[33mclass\u001b[39m=\u001b[32m\"subtle\"\u001b[39m\n                    \u001b[36m>\u001b[39m\n                      \u001b[0mTip: selecting too many features can increase noise; start with 8–15.\u001b[0m\n                    \u001b[36m</div>\u001b[39m\n                    \u001b[36m<div\u001b[39m\n                      \u001b[33mstyle\u001b[39m=\u001b[32m\"height: 10px;\"\u001b[39m\n                    \u001b[36m/>\u001b[39m\n                    \u001b[36m<div\u001b[39m\n                      \u001b[33mstyle\u001b[39m=\u001b[32m\"display: grid; grid-template-columns: repeat(auto-fit, minmax(220px, 1fr)); gap: 8px;\"\u001b[39m\n                    \u001b[36m/>\u001b[39m\n                  \u001b[36m</div>\u001b[39m\n                  \u001b[36m<div\u001b[39m\n                    \u001b[33mclass\u001b[39m=\u001b[32m\"kvKey\"\u001b[39m\n                  \u001b[36m>\u001b[39m\n                    \u001b[0mAlgorithm options\u001b[0m\n                  \u001b[36m</div>\u001b[39m\n                  \u001b[36m<div\u001b[39m\n                    \u001b[33mclass\u001b[39m=\u001b[32m\"kvVal\"\u001b[39m\n                  \u001b[36m>\u001b[39m\n                    \u001b[36m<div\u001b[39m\n                      \u001b[33mclass\u001b[39m=\u001b[32m\"row\"\u001b[39m\n                    \u001b[36m>\u001b[39m\n                      \u001b[36m<label\u001b[39m\n                        \u001b[33mclass\u001b[39m=\u001b[32m\"subtle\"\u001b[39m\n                      \u001b[36m>\u001b[39m\n                        \u001b[0mMethod: \u001b[0m\n                        \u001b[36m<select>\u001b[39m\n                          \u001b[36m<option\u001b[39m\n                            \u001b[33mvalue\u001b[39m=\u001b[32m\"robust_zscore\"\u001b[39m\n                          \u001b[36m>\u001b[39m\n                            \u001b[0mRobust z-score (median/MAD)\u001b[0m\n                          \u001b[36m</option>\u001b[39m\n                          \u001b[36m<option\u001b[39m\n                            \u001b[33mvalue\u001b[39m=\u001b[32m\"zscore\"\u001b[39m\n                          \u001b[36m>\u001b[39m\n                            \u001b[0mZ-score (mean/std)\u001b[0m\n                          \u001b[36m</option>\u001b[39m\n                        \u001b[36m</select>\u001b[39m\n                      \u001b[36m</label>\u001b[39m\n                      \u001b[36m<label\u001b[39m\n                        \u001b[33mclass\u001b[39m=\u001b[32m\"subtle\"\u001b[39m\n                      \u001b[36m>\u001b[39m\n                        \u001b[0mMissing: \u001b[0m\n                        \u001b[36m<select>\u001b[39m\n                          \u001b[36m<option\u001b[39m\n                            \u001b[33mvalue\u001b[39m=\u001b[32m\"skip\"\u001b[39m\n                          \u001b[36m>\u001b[39m\n                            \u001b[0mSkip missing\u001b[0m\n                          \u001b[36m</option>\u001b[39m\n                          \u001b[36m<option\u001b[39m\n                            \u001b[33mvalue\u001b[39m=\u001b[32m\"impute_median\"\u001b[39m\n                          \u001b[36m>\u001b[39m\n                            \u001b[0mImpute median\u001b[0m\n                          \u001b[36m</option>\u001b[39m\n                        \u001b[36m</select>\u001b[39m\n                      \u001b[36m</label>\u001b[39m\n                      \u001b[36m<label\u001b[39m\n                        \u001b[33mclass\u001b[39m=\u001b[32m\"subtle\"\u001b[39m\n                      \u001b[36m>\u001b[39m\n                        \u001b[0mOutliers: \u001b[0m\n                        \u001b[36m<select>\u001b[39m\n                          \u001b[36m<option\u001b[39m\n                            \u001b[33mvalue\u001b[39m=\u001b[32m\"percentile\"\u001b[39m\n                          \u001b[36m>\u001b[39m\n                            \u001b[0mPercentile cutoff\u001b[0m\n                          \u001b[36m</option>\u001b[39m\n                          \u001b[36m<option\u001b[39m\n                            \u001b[33mvalue\u001b[39m=\u001b[32m\"topK\"\u001b[39m\n                          \u001b[36m>\u001b[39m\n                            \u001b[0mTop-K\u001b[0m\n                          \u001b[36m</option>\u001b[39m\n                          \u001b[36m<option\u001b[39m\n                            \u001b[33mvalue\u001b[39m=\u001b[32m\"threshold\"\u001b[39m\n                          \u001b[36m>\u001b[39m\n                            \u001b[0mScore threshold\u001b[0m\n                          \u001b[36m</option>\u001b[39m\n                        \u001b[36m</select>\u001b[39m\n                      \u001b[36m</label>\u001b[39m\n                      \u001b[36m<label\u001b[39m\n                        \u001b[33mclass\u001b[39m=\u001b[32m\"subtle\"\u001b[39m\n                      \u001b[36m>\u001b[39m\n                        \u001b[0mPercentile: \u001b[0m\n                        \u001b[36m<input\u001b[39m\n                          \u001b[33mmax\u001b[39m=\u001b[32m\"0.9999\"\u001b[39m\n                          \u001b[33mmin\u001b[39m=\u001b[32m\"0.5\"\u001b[39m\n                          \u001b[33mstep\u001b[39m=\u001b[32m\"0.0001\"\u001b[39m\n                          \u001b[33mstyle\u001b[39m=\u001b[32m\"width: 110px;\"\u001b[39m\n                          \u001b[33mtype\u001b[39m=\u001b[32m\"number\"\u001b[39m\n                          \u001b[33mvalue\u001b[39m=\u001b[32m\"0.99\"\u001b[39m\n                        \u001b[36m/>\u001b[39m\n                      \u001b[36m</label>\u001b[39m\n                    \u001b[36m</div>\u001b[39m\n                    \u001b[36m<div\u001b[39m\n                      \u001b[33mstyle\u001b[39m=\u001b[32m\"height: 10px;\"\u001b[39m\n                    \u001b[36m/>\u001b[39m\n                    \u001b[36m<div\u001b[39m\n                      \u001b[33mclass\u001b[39m=\u001b[32m\"subtle\"\u001b[39m\n                    \u001b[36m>\u001b[39m\n                      \u001b[0mDefault uses a robust z-score, then ranks rows by mean absolute feature deviation. This is fast, explainable, and works well as a first pass on mixed industrial datasets.\u001b[0m\n                    \u001b[36m</div>\u001b[39m\n                  \u001b[36m</div>\u001b[39m\n                \u001b[36m</div>\u001b[39m\n                \u001b[36m<div\u001b[39m\n                  \u001b[33mstyle\u001b[39m=\u001b[32m\"height: 14px;\"\u001b[39m\n                \u001b[36m/>\u001b[39m\n                \u001b[36m<hr />\u001b[39m\n                \u001b[36m<div\u001b[39m\n                  \u001b[33mstyle\u001b[39m=\u001b[32m\"height: 14px;\"\u001b[39m\n                \u001b[36m/>\u001b[39m\n                \u001b[36m<div\u001b[39m\n                  \u001b[33mstyle\u001b[39m=\u001b[32m\"height: 14px;\"\u001b[39m\n                \u001b[36m/>\u001b[39m\n                \u001b[36m<div\u001b[39m\n                  \u001b[33mclass\u001b[39m=\u001b[32m\"subtle\"\u001b[39m\n                \u001b[36m>\u001b[39m\n                  \u001b[0mLoad a dataset, select numeric features, then click “Run detection”.\u001b[0m\n                \u001b[36m</div>\u001b[39m\n              \u001b[36m</div>\u001b[39m\n            \u001b[36m</section>\u001b[39m\n          \u001b[36m</main>\u001b[39m\n        \u001b[36m</div>\u001b[39m\n      \u001b[36m</div>\u001b[39m\n    \u001b[36m</div>\u001b[39m\n  \u001b[36m</div>\u001b[39m\n\u001b[36m</body>\u001b[39m\n    at waitForWrapper (/home/kavia/workspace/code-generation/iec-61850-semantic-interoperability-validator-8710-8719/frontend_web_app/node_modules/@testing-library/dom/dist/wait-for.js:163:27)\n    at findByLabelText (/home/kavia/workspace/code-generation/iec-61850-semantic-interoperability-validator-8710-8719/frontend_web_app/node_modules/@testing-library/dom/dist/query-helpers.js:86:33)\n    at Object.<anonymous> (/home/kavia/workspace/code-generation/iec-61850-semantic-interoperability-validator-8710-8719/frontend_web_app/src/App.test.js:192:25)\n    at runNextTicks (node:internal/process/task_queues:60:5)\n    at listOnTimeout (node:internal/timers:538:9)\n    at processTimers (node:internal/timers:512:7)"],"fullName":"Validation Report rendering states when no validation result, shows informational placeholder item","location":null,"status":"failed","title":"when no validation result, shows informational placeholder item"},{"ancestorTitles":["Validation Report rendering states"],"failureMessages":[],"fullName":"Validation Report rendering states after validation, report shows items and Download JSON link","location":null,"status":"passed","title":"after validation, report shows items and Download JSON link"},{"ancestorTitles":["Settings env/config display"],"failureMessages":[],"fullName":"Settings env/config display renders Node environment, API base and WS status/url from env","location":null,"status":"passed","title":"renders Node environment, API base and WS status/url from env"}],"endTime":1774265071369,"message":"  ● App shell + routing › renders top brand and module navigation (context-aware)\n\n    expect(jest.fn()).toHaveBeenCalledTimes(expected)\n\n    Expected number of calls: 1\n    Received number of calls: 0\n\n    \u001b[0m \u001b[90m 74 |\u001b[39m     \u001b[36mconst\u001b[39m api \u001b[33m=\u001b[39m createApiClient\u001b[33m.\u001b[39mmock\u001b[33m.\u001b[39mresults[\u001b[35m0\u001b[39m]\u001b[33m.\u001b[39mvalue\u001b[33m;\u001b[39m\n     \u001b[90m 75 |\u001b[39m\n    \u001b[31m\u001b[1m>\u001b[22m\u001b[39m\u001b[90m 76 |\u001b[39m     expect(ws\u001b[33m.\u001b[39mconnect)\u001b[33m.\u001b[39mtoHaveBeenCalledTimes(\u001b[35m1\u001b[39m)\u001b[33m;\u001b[39m\n     \u001b[90m    |\u001b[39m                        \u001b[31m\u001b[1m^\u001b[22m\u001b[39m\n     \u001b[90m 77 |\u001b[39m     \u001b[36mawait\u001b[39m waitFor(() \u001b[33m=>\u001b[39m expect(api\u001b[33m.\u001b[39mgetHealth)\u001b[33m.\u001b[39mtoHaveBeenCalledTimes(\u001b[35m1\u001b[39m))\u001b[33m;\u001b[39m\n     \u001b[90m 78 |\u001b[39m   })\u001b[33m;\u001b[39m\n     \u001b[90m 79 |\u001b[39m\u001b[0m\n\n      at Object.<anonymous> (src/App.test.js:76:24)\n\n  ● Validation Report rendering states › when no validation result, shows informational placeholder item\n\n    Unable to find a label with the text of: File Upload\n\n    Ignored nodes: comments, script, style\n    \u001b[36m<body>\u001b[39m\n      \u001b[36m<div>\u001b[39m\n        \u001b[36m<div\u001b[39m\n          \u001b[33mclass\u001b[39m=\u001b[32m\"App\"\u001b[39m\n        \u001b[36m>\u001b[39m\n          \u001b[36m<div\u001b[39m\n            \u001b[33mclass\u001b[39m=\u001b[32m\"shell\"\u001b[39m\n          \u001b[36m>\u001b[39m\n            \u001b[36m<div\u001b[39m\n              \u001b[33mclass\u001b[39m=\u001b[32m\"topNav\"\u001b[39m\n              \u001b[33mrole\u001b[39m=\u001b[32m\"banner\"\u001b[39m\n            \u001b[36m>\u001b[39m\n              \u001b[36m<div\u001b[39m\n                \u001b[33maria-label\u001b[39m=\u001b[32m\"Application brand\"\u001b[39m\n                \u001b[33mclass\u001b[39m=\u001b[32m\"brand\"\u001b[39m\n              \u001b[36m>\u001b[39m\n                \u001b[36m<div\u001b[39m\n                  \u001b[33maria-hidden\u001b[39m=\u001b[32m\"true\"\u001b[39m\n                  \u001b[33mclass\u001b[39m=\u001b[32m\"brandMark\"\u001b[39m\n                \u001b[36m>\u001b[39m\n                  \u001b[0mSIV\u001b[0m\n                \u001b[36m</div>\u001b[39m\n                \u001b[36m<div\u001b[39m\n                  \u001b[33mclass\u001b[39m=\u001b[32m\"brandTitle brandTitleInline\"\u001b[39m\n                \u001b[36m>\u001b[39m\n                  \u001b[36m<strong>\u001b[39m\n                    \u001b[0mIEC 61850 SIV-Tool\u001b[0m\n                  \u001b[36m</strong>\u001b[39m\n                  \u001b[36m<nav\u001b[39m\n                    \u001b[33maria-label\u001b[39m=\u001b[32m\"Top navigation\"\u001b[39m\n                    \u001b[33mclass\u001b[39m=\u001b[32m\"topTabs\"\u001b[39m\n                  \u001b[36m>\u001b[39m\n                    \u001b[36m<a\u001b[39m\n                      \u001b[33mclass\u001b[39m=\u001b[32m\"topTab\"\u001b[39m\n                      \u001b[33mhref\u001b[39m=\u001b[32m\"/backend/upload\"\u001b[39m\n                    \u001b[36m>\u001b[39m\n                      \u001b[0mBackend Configuration\u001b[0m\n                    \u001b[36m</a>\u001b[39m\n                    \u001b[36m<a\u001b[39m\n                      \u001b[33maria-current\u001b[39m=\u001b[32m\"page\"\u001b[39m\n                      \u001b[33mclass\u001b[39m=\u001b[32m\"topTab topTabActive\"\u001b[39m\n                      \u001b[33mhref\u001b[39m=\u001b[32m\"/health/anomaly\"\u001b[39m\n                    \u001b[36m>\u001b[39m\n                      \u001b[0mHealth\u001b[0m\n                    \u001b[36m</a>\u001b[39m\n                    \u001b[36m<a\u001b[39m\n                      \u001b[33mclass\u001b[39m=\u001b[32m\"topTab\"\u001b[39m\n                      \u001b[33mhref\u001b[39m=\u001b[32m\"/ws/status\"\u001b[39m\n                    \u001b[36m>\u001b[39m\n                      \u001b[0mWS\u001b[0m\n                    \u001b[36m</a>\u001b[39m\n                  \u001b[36m</nav>\u001b[39m\n                \u001b[36m</div>\u001b[39m\n              \u001b[36m</div>\u001b[39m\n              \u001b[36m<div\u001b[39m\n                \u001b[33mclass\u001b[39m=\u001b[32m\"topActions\"\u001b[39m\n              \u001b[36m>\u001b[39m\n                \u001b[36m<a\u001b[39m\n                  \u001b[33mclass\u001b[39m=\u001b[32m\"btn btnGhost\"\u001b[39m\n                  \u001b[33mhref\u001b[39m=\u001b[32m\"https://iec.ch/\"\u001b[39m\n                  \u001b[33mrel\u001b[39m=\u001b[32m\"noreferrer\"\u001b[39m\n                  \u001b[33mtarget\u001b[39m=\u001b[32m\"_blank\"\u001b[39m\n                \u001b[36m>\u001b[39m\n                  \u001b[0mIEC\u001b[0m\n                \u001b[36m</a>\u001b[39m\n              \u001b[36m</div>\u001b[39m\n            \u001b[36m</div>\u001b[39m\n            \u001b[36m<div\u001b[39m\n              \u001b[33mclass\u001b[39m=\u001b[32m\"shellBody\"\u001b[39m\n            \u001b[36m>\u001b[39m\n              \u001b[36m<aside\u001b[39m\n                \u001b[33maria-label\u001b[39m=\u001b[32m\"Module navigation\"\u001b[39m\n                \u001b[33mclass\u001b[39m=\u001b[32m\"sidebar\"\u001b[39m\n              \u001b[36m>\u001b[39m\n                \u001b[36m<div\u001b[39m\n                  \u001b[33mclass\u001b[39m=\u001b[32m\"navSectionTitle\"\u001b[39m\n                \u001b[36m>\u001b[39m\n                  \u001b[0mHealth\u001b[0m\n                \u001b[36m</div>\u001b[39m\n                \u001b[36m<ul\u001b[39m\n                  \u001b[33mclass\u001b[39m=\u001b[32m\"navList sidebarFade sidebarFadeIn\"\u001b[39m\n                \u001b[36m>\u001b[39m\n                  \u001b[36m<li>\u001b[39m\n                    \u001b[36m<a\u001b[39m\n                      \u001b[33maria-current\u001b[39m=\u001b[32m\"page\"\u001b[39m\n                      \u001b[33mclass\u001b[39m=\u001b[32m\"navItemLink navItemLinkActive\"\u001b[39m\n                      \u001b[33mhref\u001b[39m=\u001b[32m\"/health/anomaly\"\u001b[39m\n                    \u001b[36m>\u001b[39m\n                      \u001b[36m<span\u001b[39m\n                        \u001b[33maria-hidden\u001b[39m=\u001b[32m\"true\"\u001b[39m\n                        \u001b[33mclass\u001b[39m=\u001b[32m\"navIcon\"\u001b[39m\n                      \u001b[36m>\u001b[39m\n                        \u001b[0mA\u001b[0m\n                      \u001b[36m</span>\u001b[39m\n                      \u001b[36m<span\u001b[39m\n                        \u001b[33mclass\u001b[39m=\u001b[32m\"navText\"\u001b[39m\n                      \u001b[36m>\u001b[39m\n                        \u001b[36m<strong>\u001b[39m\n                          \u001b[0mAnomaly Detection\u001b[0m\n                        \u001b[36m</strong>\u001b[39m\n                        \u001b[36m<span>\u001b[39m\n                          \u001b[0mExcel outliers\u001b[0m\n                        \u001b[36m</span>\u001b[39m\n                      \u001b[36m</span>\u001b[39m\n                    \u001b[36m</a>\u001b[39m\n                  \u001b[36m</li>\u001b[39m\n                  \u001b[36m<li>\u001b[39m\n                    \u001b[36m<a\u001b[39m\n                      \u001b[33mclass\u001b[39m=\u001b[32m\"navItemLink\"\u001b[39m\n                      \u001b[33mhref\u001b[39m=\u001b[32m\"/health/recommendations\"\u001b[39m\n                    \u001b[36m>\u001b[39m\n                      \u001b[36m<span\u001b[39m\n                        \u001b[33maria-hidden\u001b[39m=\u001b[32m\"true\"\u001b[39m\n                        \u001b[33mclass\u001b[39m=\u001b[32m\"navIcon\"\u001b[39m\n                      \u001b[36m>\u001b[39m\n                        \u001b[0m★\u001b[0m\n                      \u001b[36m</span>\u001b[39m\n                      \u001b[36m<span\u001b[39m\n                        \u001b[33mclass\u001b[39m=\u001b[32m\"navText\"\u001b[39m\n                      \u001b[36m>\u001b[39m\n                        \u001b[36m<strong>\u001b[39m\n                          \u001b[0mRecommendations\u001b[0m\n                        \u001b[36m</strong>\u001b[39m\n                        \u001b[36m<span>\u001b[39m\n                          \u001b[0mActionable fixes\u001b[0m\n                        \u001b[36m</span>\u001b[39m\n                      \u001b[36m</span>\u001b[39m\n                    \u001b[36m</a>\u001b[39m\n                  \u001b[36m</li>\u001b[39m\n                  \u001b[36m<li>\u001b[39m\n                    \u001b[36m<a\u001b[39m\n                      \u001b[33mclass\u001b[39m=\u001b[32m\"navItemLink\"\u001b[39m\n                      \u001b[33mhref\u001b[39m=\u001b[32m\"/health/report\"\u001b[39m\n                    \u001b[36m>\u001b[39m\n                      \u001b[36m<span\u001b[39m\n                        \u001b[33maria-hidden\u001b[39m=\u001b[32m\"true\"\u001b[39m\n                        \u001b[33mclass\u001b[39m=\u001b[32m\"navIcon\"\u001b[39m\n                      \u001b[36m>\u001b[39m\n                        \u001b[0mR\u001b[0m\n                      \u001b[36m</span>\u001b[39m\n                      \u001b[36m<span\u001b[39m\n                        \u001b[33mclass\u001b[39m=\u001b[32m\"navText\"\u001b[39m\n                      \u001b[36m>\u001b[39m\n                        \u001b[36m<strong>\u001b[39m\n                          \u001b[0mValidation Report\u001b[0m\n                        \u001b[36m</strong>\u001b[39m\n                        \u001b[36m<span>\u001b[39m\n                          \u001b[0mIssues & recommendations\u001b[0m\n                        \u001b[36m</span>\u001b[39m\n                      \u001b[36m</span>\u001b[39m\n                    \u001b[36m</a>\u001b[39m\n                  \u001b[36m</li>\u001b[39m\n                  \u001b[36m<li>\u001b[39m\n                    \u001b[36m<a\u001b[39m\n                      \u001b[33mclass\u001b[39m=\u001b[32m\"navItemLink\"\u001b[39m\n                      \u001b[33mhref\u001b[39m=\u001b[32m\"/health/interop-map\"\u001b[39m\n                    \u001b[36m>\u001b[39m\n                      \u001b[36m<span\u001b[39m\n                        \u001b[33maria-hidden\u001b[39m=\u001b[32m\"true\"\u001b[39m\n                        \u001b[33mclass\u001b[39m=\u001b[32m\"navIcon\"\u001b[39m\n                      \u001b[36m>\u001b[39m\n                        \u001b[0mM\u001b[0m\n                      \u001b[36m</span>\u001b[39m\n                      \u001b[36m<span\u001b[39m\n                        \u001b[33mclass\u001b[39m=\u001b[32m\"navText\"\u001b[39m\n                      \u001b[36m>\u001b[39m\n                        \u001b[36m<strong>\u001b[39m\n                          \u001b[0mInteroperability Map\u001b[0m\n                        \u001b[36m</strong>\u001b[39m\n                        \u001b[36m<span>\u001b[39m\n                          \u001b[0mCross-vendor mapping\u001b[0m\n                        \u001b[36m</span>\u001b[39m\n                      \u001b[36m</span>\u001b[39m\n                    \u001b[36m</a>\u001b[39m\n                  \u001b[36m</li>\u001b[39m\n                  \u001b[36m<li>\u001b[39m\n                    \u001b[36m<a\u001b[39m\n                      \u001b[33mclass\u001b[39m=\u001b[32m\"navItemLink\"\u001b[39m\n                      \u001b[33mhref\u001b[39m=\u001b[32m\"/health/scada\"\u001b[39m\n                    \u001b[36m>\u001b[39m\n                      \u001b[36m<span\u001b[39m\n                        \u001b[33maria-hidden\u001b[39m=\u001b[32m\"true\"\u001b[39m\n                        \u001b[33mclass\u001b[39m=\u001b[32m\"navIcon\"\u001b[39m\n                      \u001b[36m>\u001b[39m\n                        \u001b[0mS\u001b[0m\n                      \u001b[36m</span>\u001b[39m\n                      \u001b[36m<span\u001b[39m\n                        \u001b[33mclass\u001b[39m=\u001b[32m\"navText\"\u001b[39m\n                      \u001b[36m>\u001b[39m\n                        \u001b[36m<strong>\u001b[39m\n                          \u001b[0mSCADA Table\u001b[0m\n                        \u001b[36m</strong>\u001b[39m\n                        \u001b[36m<span>\u001b[39m\n                          \u001b[0mPoints & names\u001b[0m\n                        \u001b[36m</span>\u001b[39m\n                      \u001b[36m</span>\u001b[39m\n                    \u001b[36m</a>\u001b[39m\n                  \u001b[36m</li>\u001b[39m\n                  \u001b[36m<li>\u001b[39m\n                    \u001b[36m<a\u001b[39m\n                      \u001b[33mclass\u001b[39m=\u001b[32m\"navItemLink\"\u001b[39m\n                      \u001b[33mhref\u001b[39m=\u001b[32m\"/health/results\"\u001b[39m\n                    \u001b[36m>\u001b[39m\n                      \u001b[36m<span\u001b[39m\n                        \u001b[33maria-hidden\u001b[39m=\u001b[32m\"true\"\u001b[39m\n                        \u001b[33mclass\u001b[39m=\u001b[32m\"navIcon\"\u001b[39m\n                      \u001b[36m>\u001b[39m\n                        \u001b[0m✓\u001b[0m\n                      \u001b[36m</span>\u001b[39m\n                      \u001b[36m<span\u001b[39m\n                        \u001b[33mclass\u001b[39m=\u001b[32m\"navText\"\u001b[39m\n                      \u001b[36m>\u001b[39m\n                        \u001b[36m<strong>\u001b[39m\n                          \u001b[0mResults\u001b[0m\n                        \u001b[36m</strong>\u001b[39m\n                        \u001b[36m<span>\u001b[39m\n                          \u001b[0mHealth run history\u001b[0m\n                        \u001b[36m</span>\u001b[39m\n                      \u001b[36m</span>\u001b[39m\n                    \u001b[36m</a>\u001b[39m\n                  \u001b[36m</li>\u001b[39m\n                \u001b[36m</ul>\u001b[39m\n              \u001b[36m</aside>\u001b[39m\n              \u001b[36m<main\u001b[39m\n                \u001b[33mclass\u001b[39m=\u001b[32m\"main\"\u001b[39m\n                \u001b[33mrole\u001b[39m=\u001b[32m\"main\"\u001b[39m\n              \u001b[36m>\u001b[39m\n                \u001b[36m<section\u001b[39m\n                  \u001b[33maria-label\u001b[39m=\u001b[32m\"Anomaly Detection\"\u001b[39m\n                  \u001b[33mclass\u001b[39m=\u001b[32m\"card\"\u001b[39m\n                \u001b[36m>\u001b[39m\n                  \u001b[36m<header\u001b[39m\n                    \u001b[33mclass\u001b[39m=\u001b[32m\"cardHeader\"\u001b[39m\n                  \u001b[36m>\u001b[39m\n                    \u001b[36m<div>\u001b[39m\n                      \u001b[36m<h1\u001b[39m\n                        \u001b[33mclass\u001b[39m=\u001b[32m\"h1\"\u001b[39m\n                      \u001b[36m>\u001b[39m\n                        \u001b[0mAnomaly Detection\u001b[0m\n                      \u001b[36m</h1>\u001b[39m\n                      \u001b[36m<div\u001b[39m\n                        \u001b[33mclass\u001b[39m=\u001b[32m\"subtle\"\u001b[39m\n                        \u001b[33mstyle\u001b[39m=\u001b[32m\"margin-top: 4px;\"\u001b[39m\n                      \u001b[36m>\u001b[39m\n                        \u001b[0mUpload an Excel dataset and detect outliers client-side using numeric feature anomaly scoring.\u001b[0m\n                      \u001b[36m</div>\u001b[39m\n                    \u001b[36m</div>\u001b[39m\n                    \u001b[36m<div\u001b[39m\n                      \u001b[33mclass\u001b[39m=\u001b[32m\"row\"\u001b[39m\n                    \u001b[36m>\u001b[39m\n                      \u001b[36m<button\u001b[39m\n                        \u001b[33mclass\u001b[39m=\u001b[32m\"btn\"\u001b[39m\n                      \u001b[36m>\u001b[39m\n                        \u001b[0mLoad default dataset\u001b[0m\n                      \u001b[36m</button>\u001b[39m\n                      \u001b[36m<button\u001b[39m\n                        \u001b[33mclass\u001b[39m=\u001b[32m\"btn btnPrimary\"\u001b[39m\n                        \u001b[33mdisabled\u001b[39m=\u001b[32m\"\"\u001b[39m\n                      \u001b[36m>\u001b[39m\n                        \u001b[0mRun detection\u001b[0m\n                      \u001b[36m</button>\u001b[39m\n                    \u001b[36m</div>\u001b[39m\n                  \u001b[36m</header>\u001b[39m\n                  \u001b[36m<div\u001b[39m\n                    \u001b[33mclass\u001b[39m=\u001b[32m\"cardBody\"\u001b[39m\n                  \u001b[36m>\u001b[39m\n                    \u001b[36m<div\u001b[39m\n                      \u001b[33mclass\u001b[39m=\u001b[32m\"subtle\"\u001b[39m\n                    \u001b[36m>\u001b[39m\n                      \u001b[0mThis module is independent of IEC 61850 SCL validation and does not modify existing validation workflows.\u001b[0m\n                    \u001b[36m</div>\u001b[39m\n                    \u001b[36m<div\u001b[39m\n                      \u001b[33mstyle\u001b[39m=\u001b[32m\"height: 12px;\"\u001b[39m\n                    \u001b[36m/>\u001b[39m\n                    \u001b[36m<div\u001b[39m\n                      \u001b[33mclass\u001b[39m=\u001b[32m\"row\"\u001b[39m\n                    \u001b[36m>\u001b[39m\n                      \u001b[36m<input\u001b[39m\n                        \u001b[33maccept\u001b[39m=\u001b[32m\".xlsx,.xls\"\u001b[39m\n                        \u001b[33maria-label\u001b[39m=\u001b[32m\"Upload Excel file for anomaly detection\"\u001b[39m\n                        \u001b[33mtype\u001b[39m=\u001b[32m\"file\"\u001b[39m\n                      \u001b[36m/>\u001b[39m\n                      \u001b[36m<span\u001b[39m\n                        \u001b[33mclass\u001b[39m=\u001b[32m\"pill\"\u001b[39m\n                      \u001b[36m>\u001b[39m\n                        \u001b[0mNo dataset loaded\u001b[0m\n                      \u001b[36m</span>\u001b[39m\n                      \u001b[36m<span\u001b[39m\n                        \u001b[33mclass\u001b[39m=\u001b[32m\"pill\"\u001b[39m\n                        \u001b[33mstyle\u001b[39m=\u001b[32m\"border-color: rgba(239, 68, 68, 0.35); color: rgb(153, 27, 27);\"\u001b[39m\n                      \u001b[36m>\u001b[39m\n                        \u001b[0mError: \u001b[0m\n                        \u001b[0mTypeError: Network request failed\u001b[0m\n                      \u001b[36m</span>\u001b[39m\n                    \u001b[36m</div>\u001b[39m\n                    \u001b[36m<div\u001b[39m\n                      \u001b[33mstyle\u001b[39m=\u001b[32m\"height: 14px;\"\u001b[39m\n                    \u001b[36m/>\u001b[39m\n                    \u001b[36m<hr />\u001b[39m\n                    \u001b[36m<div\u001b[39m\n                      \u001b[33mstyle\u001b[39m=\u001b[32m\"height: 14px;\"\u001b[39m\n                    \u001b[36m/>\u001b[39m\n                    \u001b[36m<div\u001b[39m\n                      \u001b[33mclass\u001b[39m=\u001b[32m\"kv\"\u001b[39m\n                    \u001b[36m>\u001b[39m\n                      \u001b[36m<div\u001b[39m\n                        \u001b[33mclass\u001b[39m=\u001b[32m\"kvKey\"\u001b[39m\n                      \u001b[36m>\u001b[39m\n                        \u001b[0mNumeric columns (auto-inferred)\u001b[0m\n                      \u001b[36m</div>\u001b[39m\n                      \u001b[36m<div\u001b[39m\n                        \u001b[33mclass\u001b[39m=\u001b[32m\"kvVal\"\u001b[39m\n                      \u001b[36m>\u001b[39m\n                        \u001b[36m<span\u001b[39m\n                          \u001b[33mclass\u001b[39m=\u001b[32m\"subtle\"\u001b[39m\n                        \u001b[36m>\u001b[39m\n                          \u001b[0mNo numeric columns detected yet (load a dataset first).\u001b[0m\n                        \u001b[36m</span>\u001b[39m\n                      \u001b[36m</div>\u001b[39m\n                      \u001b[36m<div\u001b[39m\n                        \u001b[33mclass\u001b[39m=\u001b[32m\"kvKey\"\u001b[39m\n                      \u001b[36m>\u001b[39m\n                        \u001b[0mFeature selection\u001b[0m\n                      \u001b[36m</div>\u001b[39m\n                      \u001b[36m<div\u001b[39m\n                        \u001b[33mclass\u001b[39m=\u001b[32m\"kvVal\"\u001b[39m\n                      \u001b[36m>\u001b[39m\n                        \u001b[36m<div\u001b[39m\n                          \u001b[33mclass\u001b[39m=\u001b[32m\"row\"\u001b[39m\n                        \u001b[36m>\u001b[39m\n                          \u001b[36m<button\u001b[39m\n                            \u001b[33mclass\u001b[39m=\u001b[32m\"btn\"\u001b[39m\n                            \u001b[33mdisabled\u001b[39m=\u001b[32m\"\"\u001b[39m\n                          \u001b[36m>\u001b[39m\n                            \u001b[0mUse defaults\u001b[0m\n                          \u001b[36m</button>\u001b[39m\n                          \u001b[36m<button\u001b[39m\n                            \u001b[33mclass\u001b[39m=\u001b[32m\"btn\"\u001b[39m\n                            \u001b[33mdisabled\u001b[39m=\u001b[32m\"\"\u001b[39m\n                          \u001b[36m>\u001b[39m\n                            \u001b[0mSelect all\u001b[0m\n                          \u001b[36m</button>\u001b[39m\n                          \u001b[36m<button\u001b[39m\n                            \u001b[33mclass\u001b[39m=\u001b[32m\"btn\"\u001b[39m\n                          \u001b[36m>\u001b[39m\n                            \u001b[0mClear\u001b[0m\n                          \u001b[36m</button>\u001b[39m\n                          \u001b[36m<span\u001b[39m\n                            \u001b[33mclass\u001b[39m=\u001b[32m\"pill\"\u001b[39m\n                          \u001b[36m>\u001b[39m\n                            \u001b[0mSelected: \u001b[0m\n                            \u001b[0m0\u001b[0m\n                          \u001b[36m</span>\u001b[39m\n                        \u001b[36m</div>\u001b[39m\n                        \u001b[36m<div\u001b[39m\n                          \u001b[33mstyle\u001b[39m=\u001b[32m\"height: 10px;\"\u001b[39m\n                        \u001b[36m/>\u001b[39m\n                        \u001b[36m<div\u001b[39m\n                          \u001b[33mclass\u001b[39m=\u001b[32m\"subtle\"\u001b[39m\n                        \u001b[36m>\u001b[39m\n                          \u001b[0mTip: selecting too many features can increase noise; start with 8–15.\u001b[0m\n                        \u001b[36m</div>\u001b[39m\n                        \u001b[36m<div\u001b[39m\n                          \u001b[33mstyle\u001b[39m=\u001b[32m\"height: 10px;\"\u001b[39m\n                        \u001b[36m/>\u001b[39m\n                        \u001b[36m<div\u001b[39m\n                          \u001b[33mstyle\u001b[39m=\u001b[32m\"display: grid; grid-template-columns: repeat(auto-fit, minmax(220px, 1fr)); gap: 8px;\"\u001b[39m\n                        \u001b[36m/>\u001b[39m\n                      \u001b[36m</div>\u001b[39m\n                      \u001b[36m<div\u001b[39m\n                        \u001b[33mclass\u001b[39m=\u001b[32m\"kvKey\"\u001b[39m\n                      \u001b[36m>\u001b[39m\n                        \u001b[0mAlgorithm options\u001b[0m\n                      \u001b[36m</div>\u001b[39m\n                      \u001b[36m<div\u001b[39m\n                        \u001b[33mclass\u001b[39m=\u001b[32m\"kvVal\"\u001b[39m\n                      \u001b[36m>\u001b[39m\n                        \u001b[36m<div\u001b[39m\n                          \u001b[33mclass\u001b[39m=\u001b[32m\"row\"\u001b[39m\n                        \u001b[36m>\u001b[39m\n                          \u001b[36m<label\u001b[39m\n                            \u001b[33mclass\u001b[39m=\u001b[32m\"subtle\"\u001b[39m\n                          \u001b[36m>\u001b[39m\n                            \u001b[0mMethod: \u001b[0m\n                            \u001b[36m<select>\u001b[39m\n                              \u001b[36m<option\u001b[39m\n                                \u001b[33mvalue\u001b[39m=\u001b[32m\"robust_zscore\"\u001b[39m\n                              \u001b[36m>\u001b[39m\n                                \u001b[0mRobust z-score (median/MAD)\u001b[0m\n                              \u001b[36m</option>\u001b[39m\n                              \u001b[36m<option\u001b[39m\n                                \u001b[33mvalue\u001b[39m=\u001b[32m\"zscore\"\u001b[39m\n                              \u001b[36m>\u001b[39m\n                                \u001b[0mZ-score (mean/std)\u001b[0m\n                              \u001b[36m</option>\u001b[39m\n                            \u001b[36m</select>\u001b[39m\n                          \u001b[36m</label>\u001b[39m\n                          \u001b[36m<label\u001b[39m\n                            \u001b[33mclass\u001b[39m=\u001b[32m\"subtle\"\u001b[39m\n                          \u001b[36m>\u001b[39m\n                            \u001b[0mMissing: \u001b[0m\n                            \u001b[36m<select>\u001b[39m\n                              \u001b[36m<option\u001b[39m\n                                \u001b[33mvalue\u001b[39m=\u001b[32m\"skip\"\u001b[39m\n                              \u001b[36m>\u001b[39m\n                                \u001b[0mSkip missing\u001b[0m\n                              \u001b[36m</option>\u001b[39m\n                              \u001b[36m<option\u001b[39m\n                                \u001b[33mvalue\u001b[39m=\u001b[32m\"impute_median\"\u001b[39m\n                              \u001b[36m>\u001b[39m\n                                \u001b[0mImpute median\u001b[0m\n                              \u001b[36m</option>\u001b[39m\n                            \u001b[36m</select>\u001b[39m\n                          \u001b[36m</label>\u001b[39m\n                          \u001b[36m<label\u001b[39m\n                            \u001b[33mclass\u001b[39m=\u001b[32m\"subtle\"\u001b[39m\n                          \u001b[36m>\u001b[39m\n                            \u001b[0mOutliers: \u001b[0m\n                            \u001b[36m<select>\u001b[39m\n                              \u001b[36m<option\u001b[39m\n                                \u001b[33mvalue\u001b[39m=\u001b[32m\"percentile\"\u001b[39m\n                              \u001b[36m>\u001b[39m\n                                \u001b[0mPercentile cutoff\u001b[0m\n                              \u001b[36m</option>\u001b[39m\n                              \u001b[36m<option\u001b[39m\n                                \u001b[33mvalue\u001b[39m=\u001b[32m\"topK\"\u001b[39m\n                              \u001b[36m>\u001b[39m\n                                \u001b[0mTop-K\u001b[0m\n                              \u001b[36m</option>\u001b[39m\n                              \u001b[36m<option\u001b[39m\n                                \u001b[33mvalue\u001b[39m=\u001b[32m\"threshold\"\u001b[39m\n                              \u001b[36m>\u001b[39m\n                                \u001b[0mScore threshold\u001b[0m\n                              \u001b[36m</option>\u001b[39m\n                            \u001b[36m</select>\u001b[39m\n                          \u001b[36m</label>\u001b[39m\n                          \u001b[36m<label\u001b[39m\n                            \u001b[33mclass\u001b[39m=\u001b[32m\"subtle\"\u001b[39m\n                          \u001b[36m>\u001b[39m\n                            \u001b[0mPercentile: \u001b[0m\n                            \u001b[36m<input\u001b[39m\n                              \u001b[33mmax\u001b[39m=\u001b[32m\"0.9999\"\u001b[39m\n                              \u001b[33mmin\u001b[39m=\u001b[32m\"0.5\"\u001b[39m\n                              \u001b[33mstep\u001b[39m=\u001b[32m\"0.0001\"\u001b[39m\n                              \u001b[33mstyle\u001b[39m=\u001b[32m\"width: 110px;\"\u001b[39m\n                              \u001b[33mtype\u001b[39m=\u001b[32m\"number\"\u001b[39m\n                              \u001b[33mvalue\u001b[39m=\u001b[32m\"0.99\"\u001b[39m\n                            \u001b[36m/>\u001b[39m\n                          \u001b[36m</label>\u001b[39m\n                        \u001b[36m</div>\u001b[39m\n                        \u001b[36m<div\u001b[39m\n                          \u001b[33mstyle\u001b[39m=\u001b[32m\"height: 10px;\"\u001b[39m\n                        \u001b[36m/>\u001b[39m\n                        \u001b[36m<div\u001b[39m\n                          \u001b[33mclass\u001b[39m=\u001b[32m\"subtle\"\u001b[39m\n                        \u001b[36m>\u001b[39m\n                          \u001b[0mDefault uses a robust z-score, then ranks rows by mean absolute feature deviation. This is fast, explainable, and works well as a first pass on mixed industrial datasets.\u001b[0m\n                        \u001b[36m</div>\u001b[39m\n                      \u001b[36m</div>\u001b[39m\n                    \u001b[36m</div>\u001b[39m\n                    \u001b[36m<div\u001b[39m\n                      \u001b[33mstyle\u001b[39m=\u001b[32m\"height: 14px;\"\u001b[39m\n                    \u001b[36m/>\u001b[39m\n                    \u001b[36m<hr />\u001b[39m\n                    \u001b[36m<div\u001b[39m\n                      \u001b[33mstyle\u001b[39m=\u001b[32m\"height: 14px;\"\u001b[39m\n                    \u001b[36m/>\u001b[39m\n                    \u001b[36m<div\u001b[39m\n                      \u001b[33mstyle\u001b[39m=\u001b[32m\"height: 14px;\"\u001b[39m\n                    \u001b[36m/>\u001b[39m\n                    \u001b[36m<div\u001b[39m\n                      \u001b[33mclass\u001b[39m=\u001b[32m\"subtle\"\u001b[39m\n                    \u001b[36m>\u001b[39m\n                      \u001b[0mLoad a dataset, select numeric features, then click “Run detection”.\u001b[0m\n                    \u001b[36m</div>\u001b[39m\n                  \u001b[36m</div>\u001b[39m\n                \u001b[36m</section>\u001b[39m\n              \u001b[36m</main>\u001b[39m\n            \u001b[36m</div>\u001b[39m\n          \u001b[36m</div>\u001b[39m\n        \u001b[36m</div>\u001b[39m\n      \u001b[36m</div>\u001b[39m\n    \u001b[36m</body>\u001b[39m\n\n    \u001b[0m \u001b[90m 190 |\u001b[39m     window\u001b[33m.\u001b[39mhistory\u001b[33m.\u001b[39mpushState({}\u001b[33m,\u001b[39m \u001b[32m''\u001b[39m\u001b[33m,\u001b[39m \u001b[32m'/backend/upload'\u001b[39m)\u001b[33m;\u001b[39m\n     \u001b[90m 191 |\u001b[39m     \u001b[90m// Re-render not required; router listens to history changes, but wait for page to appear.\u001b[39m\n    \u001b[31m\u001b[1m>\u001b[22m\u001b[39m\u001b[90m 192 |\u001b[39m     expect(\u001b[36mawait\u001b[39m screen\u001b[33m.\u001b[39mfindByLabelText(\u001b[32m'File Upload'\u001b[39m))\u001b[33m.\u001b[39mtoBeInTheDocument()\u001b[33m;\u001b[39m\n     \u001b[90m     |\u001b[39m                         \u001b[31m\u001b[1m^\u001b[22m\u001b[39m\n     \u001b[90m 193 |\u001b[39m   })\u001b[33m;\u001b[39m\n     \u001b[90m 194 |\u001b[39m\n     \u001b[90m 195 |\u001b[39m   test(\u001b[32m'after validation, report shows items and Download JSON link'\u001b[39m\u001b[33m,\u001b[39m \u001b[36masync\u001b[39m () \u001b[33m=>\u001b[39m {\u001b[0m\n\n      at waitForWrapper (node_modules/@testing-library/dom/dist/wait-for.js:163:27)\n      at findByLabelText (node_modules/@testing-library/dom/dist/query-helpers.js:86:33)\n      at Object.<anonymous> (src/App.test.js:192:25)\n","name":"/home/kavia/workspace/code-generation/iec-61850-semantic-interoperability-validator-8710-8719/frontend_web_app/src/App.test.js","startTime":1774265068345,"status":"failed","summary":""}],"wasInterrupted":false}